Compiled jquery.js  (9ms)  (pid 8810)
Compiled jquery_ujs.js  (1ms)  (pid 8810)
Compiled jquery_scrollTo.js  (1ms)  (pid 8810)
Compiled jquery_newsScroller.js  (0ms)  (pid 8810)
Compiled footer.js  (0ms)  (pid 8810)
Compiled jquery-ui-1.8.20.custom.min.js  (1ms)  (pid 8810)
Compiled jquery_cycle.js  (1ms)  (pid 8810)
Compiled pages.js  (0ms)  (pid 8810)
Compiled services.js  (0ms)  (pid 8810)
Compiled application.js  (317ms)  (pid 8810)
Compiled layout.css  (0ms)  (pid 8810)
Compiled pages.css  (156ms)  (pid 8810)
Compiled services.css  (4ms)  (pid 8810)
Compiled style.css  (1ms)  (pid 8810)
Compiled application.css  (228ms)  (pid 8810)
Compiled jquery.js  (9ms)  (pid 8810)
Compiled jquery_ujs.js  (1ms)  (pid 8810)
Compiled jquery_scrollTo.js  (0ms)  (pid 8810)
Compiled jquery_newsScroller.js  (0ms)  (pid 8810)
Compiled footer.js  (0ms)  (pid 8810)
Compiled jquery-ui-1.8.20.custom.min.js  (1ms)  (pid 8810)
Compiled jquery_cycle.js  (1ms)  (pid 8810)
Compiled pages.js  (0ms)  (pid 8810)
Compiled services.js  (0ms)  (pid 8810)
Compiled application.js  (290ms)  (pid 8810)
Compiled layout.css  (0ms)  (pid 8810)
Compiled pages.css  (25ms)  (pid 8810)
Compiled services.css  (4ms)  (pid 8810)
Compiled style.css  (0ms)  (pid 8810)
Compiled application.css  (131ms)  (pid 8810)
